OPTIONS /auth/users 200 8 - 3.388 ms
GET /auth/users 200 - - 512.500 ms
OPTIONS /tab 200 13 - 1.032 ms
OPTIONS /category 200 13 - 0.340 ms
OPTIONS /bookmark 200 13 - 0.290 ms
GET /tab 200 378 - 184.017 ms
GET /category 200 883 - 467.246 ms
GET /bookmark 200 - - 662.630 ms
OPTIONS /auth/users 200 8 - 0.226 ms
GET /auth/users 304 - - 627.088 ms
OPTIONS /tab 200 13 - 0.595 ms
OPTIONS /category 200 13 - 0.280 ms
OPTIONS /bookmark 200 13 - 0.233 ms
GET /category 304 - - 243.026 ms
GET /bookmark 304 - - 243.247 ms
GET /tab 304 - - 256.189 ms
OPTIONS /auth/users 200 8 - 1.551 ms
GET /auth/users 304 - - 531.906 ms
OPTIONS /tab 200 13 - 0.225 ms
OPTIONS /category 200 13 - 0.252 ms
OPTIONS /bookmark 200 13 - 0.230 ms
GET /category 304 - - 326.243 ms
GET /bookmark 304 - - 334.745 ms
GET /tab 304 - - 339.639 ms
OPTIONS /auth/users 200 8 - 0.326 ms
GET /auth/users 304 - - 642.736 ms
OPTIONS /tab 200 13 - 0.519 ms
OPTIONS /category 200 13 - 0.495 ms
OPTIONS /bookmark 200 13 - 0.301 ms
GET /tab 304 - - 156.913 ms
GET /category 304 - - 155.144 ms
GET /bookmark 304 - - 168.993 ms
OPTIONS /tab 200 13 - 3.668 ms
OPTIONS /category 200 13 - 0.195 ms
OPTIONS /bookmark 200 13 - 0.254 ms
GET /tab 304 - - 325.378 ms
GET /category 304 - - 580.779 ms
GET /bookmark 304 - - 1274.852 ms
OPTIONS /auth/login 200 4 - 1.349 ms
POST /auth/login 200 272 - 665.936 ms
OPTIONS /auth/users 200 8 - 0.617 ms
GET /auth/users 403 29 - 474.892 ms
OPTIONS /tab 200 13 - 0.346 ms
OPTIONS /category 200 13 - 0.284 ms
OPTIONS /bookmark 200 13 - 0.210 ms
GET /tab 200 378 - 346.359 ms
GET /category 200 856 - 366.558 ms
GET /bookmark 200 - - 352.924 ms
OPTIONS /tab/ 200 13 - 0.651 ms
POST /tab/ 422 153 - 194.940 ms
OPTIONS /tab/ 200 13 - 0.433 ms
POST /tab/ 422 153 - 224.457 ms
OPTIONS /tab 200 13 - 0.745 ms
OPTIONS /category 200 13 - 0.306 ms
OPTIONS /bookmark 200 13 - 0.462 ms
GET /bookmark 304 - - 536.418 ms
GET /category 304 - - 541.859 ms
GET /tab 304 - - 550.382 ms
OPTIONS /tab 200 13 - 0.220 ms
OPTIONS /category 200 13 - 0.344 ms
OPTIONS /bookmark 200 13 - 0.737 ms
GET /tab 304 - - 196.374 ms
GET /bookmark 304 - - 199.521 ms
GET /category 304 - - 205.398 ms
OPTIONS /auth/users 200 8 - 0.394 ms
GET /auth/users 500 27 - 0.947 ms
OPTIONS /auth/login 200 4 - 0.209 ms
POST /auth/login 200 272 - 538.451 ms
OPTIONS /auth/users 200 8 - 0.783 ms
GET /auth/users 403 29 - 346.380 ms
OPTIONS /tab 200 13 - 0.557 ms
OPTIONS /category 200 13 - 0.533 ms
OPTIONS /bookmark 200 13 - 0.431 ms
GET /category 304 - - 393.779 ms
GET /bookmark 304 - - 405.743 ms
GET /tab 304 - - 420.363 ms
OPTIONS /tab/ 200 13 - 0.563 ms
POST /tab/ 422 153 - 168.141 ms
OPTIONS /category/ 200 13 - 0.229 ms
POST /category/ 201 198 - 1202.330 ms
OPTIONS /bookmark/ 200 13 - 0.464 ms
POST /bookmark/ 201 381 - 939.684 ms
OPTIONS /bookmark/ 200 13 - 0.590 ms
POST /bookmark/ 201 334 - 1251.393 ms
OPTIONS /category/62669f320083d90de4aaa806 200 15 - 0.811 ms
DELETE /category/62669f320083d90de4aaa806 200 238 - 1412.777 ms
OPTIONS /category/62669f320083d90de4aaa806 200 15 - 0.197 ms
DELETE /category/62669f320083d90de4aaa806 422 33 - 348.012 ms
OPTIONS /bookmark/62669f850083d90de4aaa811 200 15 - 0.559 ms
DELETE /bookmark/62669f850083d90de4aaa811 422 33 - 158.851 ms
OPTIONS /bookmark/625ed4880f23f400174785bf 200 15 - 0.397 ms
DELETE /bookmark/625ed4880f23f400174785bf 200 369 - 945.863 ms
OPTIONS /bookmark/62669f850083d90de4aaa811 200 15 - 0.572 ms
DELETE /bookmark/62669f850083d90de4aaa811 422 33 - 176.900 ms
OPTIONS /auth/users 200 8 - 0.314 ms
GET /auth/users 403 29 - 157.592 ms
OPTIONS /tab 200 13 - 0.318 ms
OPTIONS /category 200 13 - 0.527 ms
OPTIONS /bookmark 200 13 - 0.186 ms
GET /category 200 829 - 312.220 ms
GET /tab 200 378 - 326.688 ms
GET /bookmark 200 - - 317.904 ms
OPTIONS /category/ 200 13 - 0.354 ms
POST /category/ 201 198 - 1137.327 ms
OPTIONS /bookmark/ 200 13 - 0.556 ms
POST /bookmark/ 201 381 - 3107.759 ms
OPTIONS /bookmark/ 200 13 - 0.496 ms
POST /bookmark/ 201 334 - 1301.909 ms
OPTIONS /bookmark/ 200 13 - 0.402 ms
POST /bookmark/ 500 25 - 0.641 ms
OPTIONS /bookmark/ 200 13 - 0.366 ms
POST /bookmark/ 500 25 - 0.737 ms
OPTIONS /auth/user 200 8 - 0.591 ms
GET /auth/user 500 25 - 1.408 ms
OPTIONS /auth/users 200 8 - 3.825 ms
GET /auth/users 500 27 - 2.578 ms
OPTIONS /auth/login 200 4 - 0.264 ms
POST /auth/login 200 272 - 525.814 ms
OPTIONS /auth/users 200 8 - 0.353 ms
GET /auth/users 403 29 - 132.517 ms
OPTIONS /tab 200 13 - 0.457 ms
OPTIONS /category 200 13 - 0.188 ms
OPTIONS /bookmark 200 13 - 0.300 ms
GET /tab 200 405 - 126.843 ms
GET /category 200 - - 345.979 ms
GET /bookmark 200 - - 681.215 ms
OPTIONS /tab/ 200 13 - 0.705 ms
POST /tab/ 201 158 - 2520.301 ms
OPTIONS /category/ 200 13 - 0.223 ms
POST /category/ 201 199 - 552.169 ms
OPTIONS /tab 200 13 - 0.427 ms
OPTIONS /category 200 13 - 0.221 ms
OPTIONS /bookmark 200 13 - 0.335 ms
GET /tab 200 544 - 118.843 ms
GET /bookmark 304 - - 118.371 ms
GET /category 200 - - 110.330 ms
OPTIONS /category/ 200 13 - 0.326 ms
POST /category/ 201 202 - 501.770 ms
OPTIONS /category/626770a8b8626219b0617ca3 200 15 - 2.033 ms
DELETE /category/626770a8b8626219b0617ca3 200 189 - 851.709 ms
OPTIONS /category/626770a8b8626219b0617ca3 200 15 - 0.323 ms
DELETE /category/626770a8b8626219b0617ca3 422 33 - 118.145 ms
OPTIONS /category/626770a8b8626219b0617ca3 200 15 - 0.336 ms
DELETE /category/626770a8b8626219b0617ca3 422 33 - 121.034 ms
OPTIONS /auth/user 200 8 - 0.330 ms
GET /auth/user 200 155 - 118.712 ms
OPTIONS /tab 200 13 - 0.339 ms
OPTIONS /category 200 13 - 0.496 ms
OPTIONS /bookmark 200 13 - 0.570 ms
GET /tab 200 544 - 120.149 ms
GET /bookmark 304 - - 122.551 ms
GET /category 304 - - 129.604 ms
OPTIONS /bookmark/ 200 13 - 0.320 ms
POST /bookmark/ 201 325 - 570.739 ms
OPTIONS /category/ 200 13 - 0.189 ms
POST /category/ 201 202 - 456.720 ms
OPTIONS /bookmark/ 200 13 - 0.373 ms
POST /bookmark/ 201 401 - 481.870 ms
OPTIONS /bookmark/ 200 13 - 0.383 ms
POST /bookmark/ 201 387 - 474.393 ms
OPTIONS /category/ 200 13 - 0.351 ms
POST /category/ 201 205 - 548.638 ms
OPTIONS /bookmark/ 200 13 - 0.372 ms
POST /bookmark/ 201 379 - 480.731 ms
OPTIONS /bookmark/ 200 13 - 0.320 ms
POST /bookmark/ 201 360 - 572.477 ms
OPTIONS /bookmark/ 200 13 - 0.313 ms
POST /bookmark/ 201 358 - 469.245 ms
OPTIONS /bookmark/62677210b8626219b0617cd9 200 15 - 0.405 ms
PUT /bookmark/62677210b8626219b0617cd9 404 172 - 1.884 ms
OPTIONS /auth/user 200 8 - 0.288 ms
GET /auth/user 500 25 - 1.681 ms
OPTIONS /auth/users 200 8 - 0.237 ms
GET /auth/users 500 25 - 1.160 ms
OPTIONS /tab 200 13 - 0.208 ms
OPTIONS /category 200 13 - 0.162 ms
OPTIONS /bookmark 200 13 - 0.215 ms
GET /tab 500 25 - 0.544 ms
GET /category 500 25 - 0.533 ms
GET /bookmark 500 25 - 0.456 ms
OPTIONS /auth/users 200 8 - 7.815 ms
GET /auth/users 500 25 - 8.079 ms
OPTIONS /tab 200 13 - 1.065 ms
OPTIONS /category 200 13 - 0.286 ms
OPTIONS /bookmark 200 13 - 0.364 ms
GET /tab 500 25 - 0.908 ms
GET /category 500 25 - 0.690 ms
GET /bookmark 500 25 - 0.770 ms
OPTIONS /tab 200 13 - 0.209 ms
OPTIONS /category 200 13 - 0.196 ms
OPTIONS /bookmark 200 13 - 0.156 ms
GET /tab 500 25 - 0.370 ms
GET /category 500 25 - 0.338 ms
GET /bookmark 500 25 - 0.592 ms
OPTIONS /auth/users 200 8 - 0.293 ms
GET /auth/users 500 27 - 0.731 ms
OPTIONS /auth/login 200 4 - 0.337 ms
POST /auth/login 200 272 - 500.168 ms
OPTIONS /auth/users 200 8 - 0.333 ms
GET /auth/users 403 29 - 120.273 ms
OPTIONS /tab 200 13 - 0.230 ms
OPTIONS /category 200 13 - 0.281 ms
OPTIONS /bookmark 200 13 - 0.163 ms
GET /tab 200 598 - 132.067 ms
GET /category 200 - - 245.847 ms
GET /bookmark 200 - - 487.441 ms
OPTIONS /bookmark/625e84b066a7690017ba60c4 200 15 - 0.778 ms
PUT /bookmark/625e84b066a7690017ba60c4 404 172 - 1.910 ms
OPTIONS /bookmark/6258184299a3a7001793a5ec 200 15 - 0.610 ms
DELETE /bookmark/6258184299a3a7001793a5ec 200 347 - 513.805 ms
OPTIONS /category/625817d599a3a7001793a5ea 200 15 - 0.346 ms
DELETE /category/625817d599a3a7001793a5ea 200 197 - 599.119 ms
OPTIONS /category/625817d599a3a7001793a5ea 200 15 - 0.362 ms
DELETE /category/625817d599a3a7001793a5ea 422 33 - 194.927 ms
OPTIONS /auth/user 200 8 - 0.393 ms
GET /auth/user 200 155 - 121.862 ms
OPTIONS /tab 200 13 - 0.423 ms
OPTIONS /category 200 13 - 0.361 ms
OPTIONS /bookmark 200 13 - 0.372 ms
GET /tab 200 571 - 138.248 ms
GET /bookmark 200 - - 129.036 ms
GET /category 200 - - 134.547 ms
OPTIONS /category/625e86af66a7690017ba60c6 200 15 - 0.396 ms
DELETE /category/625e86af66a7690017ba60c6 200 222 - 575.103 ms
OPTIONS /auth/user 200 8 - 0.297 ms
GET /auth/user 304 - - 126.108 ms
OPTIONS /tab 200 13 - 0.289 ms
OPTIONS /category 200 13 - 0.186 ms
OPTIONS /bookmark 200 13 - 0.284 ms
GET /tab 200 546 - 127.160 ms
GET /category 200 - - 130.956 ms
GET /bookmark 200 - - 137.794 ms
OPTIONS /tab/625817c799a3a7001793a5e9 200 15 - 0.338 ms
DELETE /tab/625817c799a3a7001793a5e9 200 150 - 587.522 ms
OPTIONS /category/ 200 13 - 1.678 ms
POST /category/ 201 199 - 460.861 ms
OPTIONS /category/626775cca460ab53ac21467d 200 15 - 0.331 ms
DELETE /category/626775cca460ab53ac21467d 200 186 - 592.470 ms
OPTIONS /tab 200 13 - 0.265 ms
OPTIONS /category 200 13 - 0.155 ms
OPTIONS /bookmark 200 13 - 0.114 ms
GET /bookmark 304 - - 122.184 ms
GET /category 304 - - 126.842 ms
GET /tab 200 433 - 132.132 ms
OPTIONS /bookmark/626771dfb8626219b0617cce 200 15 - 0.435 ms
PUT /bookmark/626771dfb8626219b0617cce 404 172 - 0.350 ms
OPTIONS /tab 200 13 - 0.264 ms
OPTIONS /category 200 13 - 0.140 ms
OPTIONS /bookmark 200 13 - 0.310 ms
GET /tab 304 - - 122.657 ms
GET /category 304 - - 125.877 ms
GET /bookmark 304 - - 133.305 ms
OPTIONS /bookmark/626771dfb8626219b0617cce 200 15 - 0.178 ms
PUT /bookmark/626771dfb8626219b0617cce 404 172 - 0.148 ms
OPTIONS /tab 200 13 - 0.284 ms
OPTIONS /category 200 13 - 0.258 ms
OPTIONS /bookmark 200 13 - 0.229 ms
GET /tab 304 - - 137.396 ms
GET /category 304 - - 139.897 ms
GET /bookmark 304 - - 155.002 ms
OPTIONS /bookmark/626771dfb8626219b0617cce 200 15 - 0.336 ms
PUT /bookmark/626771dfb8626219b0617cce 404 172 - 0.297 ms
OPTIONS /bookmark/626771dfb8626219b0617cce 200 15 - 0.427 ms
PUT /bookmark/626771dfb8626219b0617cce 404 172 - 0.385 ms
OPTIONS /tab 200 13 - 0.410 ms
OPTIONS /category 200 13 - 0.234 ms
OPTIONS /bookmark 200 13 - 0.273 ms
GET /tab 304 - - 119.437 ms
GET /category 304 - - 120.253 ms
GET /bookmark 304 - - 129.247 ms
OPTIONS /bookmark/625fb05e02da1a0017c71a95 200 15 - 0.268 ms
PUT /bookmark/625fb05e02da1a0017c71a95 404 172 - 0.253 ms
OPTIONS /auth/users 200 8 - 0.371 ms
GET /auth/users 403 29 - 125.514 ms
OPTIONS /tab 200 13 - 0.288 ms
OPTIONS /category 200 13 - 0.243 ms
OPTIONS /bookmark 200 13 - 0.193 ms
GET /bookmark 304 - - 120.376 ms
GET /tab 304 - - 124.434 ms
GET /category 304 - - 129.079 ms
OPTIONS /auth/users 200 8 - 0.292 ms
GET /auth/users 403 29 - 124.613 ms
OPTIONS /tab 200 13 - 0.278 ms
OPTIONS /category 200 13 - 0.316 ms
OPTIONS /bookmark 200 13 - 0.242 ms
GET /tab 304 - - 113.851 ms
GET /bookmark 304 - - 114.741 ms
GET /category 304 - - 122.558 ms
OPTIONS /auth/user 200 8 - 0.557 ms
GET /auth/user 304 - - 132.629 ms
OPTIONS /tab 200 13 - 0.347 ms
OPTIONS /category 200 13 - 0.383 ms
OPTIONS /bookmark 200 13 - 0.436 ms
GET /tab 304 - - 131.177 ms
GET /bookmark 304 - - 137.074 ms
GET /category 304 - - 142.961 ms
OPTIONS /tab 200 13 - 0.818 ms
OPTIONS /category 200 13 - 0.219 ms
OPTIONS /bookmark 200 13 - 0.245 ms
GET /category 304 - - 159.969 ms
GET /tab 304 - - 165.192 ms
GET /bookmark 304 - - 170.246 ms
OPTIONS /tab 200 13 - 0.342 ms
OPTIONS /category 200 13 - 0.175 ms
OPTIONS /bookmark 200 13 - 0.131 ms
GET /tab 304 - - 119.556 ms
GET /category 200 - - 116.684 ms
GET /bookmark 200 - - 126.133 ms
OPTIONS /bookmark/62677a30d063cf0017db1303 200 15 - 0.554 ms
DELETE /bookmark/62677a30d063cf0017db1303 200 383 - 501.770 ms
OPTIONS /auth/login 200 4 - 0.194 ms
POST /auth/login 200 275 - 457.228 ms
OPTIONS /auth/users 200 8 - 0.302 ms
GET /auth/users 200 - - 259.929 ms
OPTIONS /tab 200 13 - 0.249 ms
OPTIONS /category 200 13 - 0.299 ms
OPTIONS /bookmark 200 13 - 0.249 ms
GET /tab 200 378 - 106.248 ms
GET /category 200 883 - 110.557 ms
GET /bookmark 200 - - 114.396 ms
OPTIONS /auth/user/626779dbd063cf0017db12fc 200 6 - 0.155 ms
DELETE /auth/user/626779dbd063cf0017db12fc 200 299 - 716.185 ms
